<?xml version="1.0" encoding="UTF-8"?>
<testsuite name="com.responseTabdemo.ApplicationTest" tests="1" skipped="0" failures="0" errors="0" timestamp="2017-04-29T13:24:14" hostname="joreto-Zoo" time="0.011">
  <properties/>
  <testcase name="test" classname="com.responseTabdemo.ApplicationTest" time="0.011"/>
  <system-out><![CDATA[14:24:12.677 [Test worker] DEBUG org.springframework.test.context.junit4.SpringJUnit4ClassRunner - SpringJUnit4ClassRunner constructor called with [class com.responseTabdemo.ApplicationTest]
14:24:12.681 [Test worker] DEBUG org.springframework.test.context.BootstrapUtils - Instantiating CacheAwareContextLoaderDelegate from class [org.springframework.test.context.cache.DefaultCacheAwareContextLoaderDelegate]
14:24:12.687 [Test worker] DEBUG org.springframework.test.context.BootstrapUtils - Instantiating BootstrapContext using constructor [public org.springframework.test.context.support.DefaultBootstrapContext(java.lang.Class,org.springframework.test.context.CacheAwareContextLoaderDelegate)]
14:24:12.699 [Test worker] DEBUG org.springframework.test.context.BootstrapUtils - Instantiating TestContextBootstrapper for test class [com.responseTabdemo.ApplicationTest] from class [org.springframework.boot.test.context.SpringBootTestContextBootstrapper]
14:24:12.711 [Test worker] INFO org.springframework.boot.test.context.SpringBootTestContextBootstrapper - Neither @ContextConfiguration nor @ContextHierarchy found for test class [com.responseTabdemo.ApplicationTest], using SpringBootContextLoader
14:24:12.715 [Test worker] DEBUG org.springframework.test.context.support.AbstractContextLoader - Did not detect default resource location for test class [com.responseTabdemo.ApplicationTest]: class path resource [hello/ApplicationTest-context.xml] does not exist
14:24:12.715 [Test worker] DEBUG org.springframework.test.context.support.AbstractContextLoader - Did not detect default resource location for test class [com.responseTabdemo.ApplicationTest]: class path resource [hello/ApplicationTestContext.groovy] does not exist
14:24:12.715 [Test worker] INFO org.springframework.test.context.support.AbstractContextLoader - Could not detect default resource locations for test class [com.responseTabdemo.ApplicationTest]: no resource found for suffixes {-context.xml, Context.groovy}.
14:24:12.716 [Test worker] INFO org.springframework.test.context.support.AnnotationConfigContextLoaderUtils - Could not detect default configuration classes for test class [com.responseTabdemo.ApplicationTest]: ApplicationTest does not declare any static, non-private, non-final, nested classes annotated with @Configuration.
14:24:12.760 [Test worker] DEBUG org.springframework.test.context.support.ActiveProfilesUtils - Could not find an 'annotation declaring class' for annotation type [org.springframework.test.context.ActiveProfiles] and class [com.responseTabdemo.ApplicationTest]
14:24:12.768 [Test worker] DEBUG org.springframework.core.env.StandardEnvironment - Adding [systemProperties] PropertySource with lowest search precedence
14:24:12.769 [Test worker] DEBUG org.springframework.core.env.StandardEnvironment - Adding [systemEnvironment] PropertySource with lowest search precedence
14:24:12.769 [Test worker] DEBUG org.springframework.core.env.StandardEnvironment - Initialized StandardEnvironment with PropertySources [systemProperties,systemEnvironment]
14:24:12.780 [Test worker] DEBUG org.springframework.core.io.support.PathMatchingResourcePatternResolver - Resolved classpath location [hello/] to resources [URL [file:/C:/ResponseTab/gs-messaging-rabbitmq/complete/build/classes/test/hello/], URL [file:/C:/ResponseTab/gs-messaging-rabbitmq/complete/build/classes/main/hello/]]
14:24:12.781 [Test worker] DEBUG org.springframework.core.io.support.PathMatchingResourcePatternResolver - Looking for matching resources in directory tree [C:\ResponseTab\gs-messaging-rabbitmq\complete\build\classes\test\hello]
14:24:12.782 [Test worker] DEBUG org.springframework.core.io.support.PathMatchingResourcePatternResolver - Searching directory [C:\ResponseTab\gs-messaging-rabbitmq\complete\build\classes\test\hello] for files matching pattern [C:/ResponseTab/gs-messaging-rabbitmq/complete/build/classes/test/hello/*.class]
14:24:12.786 [Test worker] DEBUG org.springframework.core.io.support.PathMatchingResourcePatternResolver - Looking for matching resources in directory tree [C:\ResponseTab\gs-messaging-rabbitmq\complete\build\classes\main\hello]
14:24:12.786 [Test worker] DEBUG org.springframework.core.io.support.PathMatchingResourcePatternResolver - Searching directory [C:\ResponseTab\gs-messaging-rabbitmq\complete\build\classes\main\hello] for files matching pattern [C:/ResponseTab/gs-messaging-rabbitmq/complete/build/classes/main/hello/*.class]
14:24:12.787 [Test worker] DEBUG org.springframework.core.io.support.PathMatchingResourcePatternResolver - Resolved location pattern [classpath*:hello/*.class] to resources [file [C:\ResponseTab\gs-messaging-rabbitmq\complete\build\classes\test\hello\ApplicationTest.class], file [C:\ResponseTab\gs-messaging-rabbitmq\complete\build\classes\main\hello\responseTab.Application.class], file [C:\ResponseTab\gs-messaging-rabbitmq\complete\build\classes\main\hello\Receiver.class], file [C:\ResponseTab\gs-messaging-rabbitmq\complete\build\classes\main\hello\Runner.class]]
14:24:12.834 [Test worker] DEBUG org.springframework.context.annotation.ClassPathScanningCandidateComponentProvider - Identified candidate component class: file [C:\ResponseTab\gs-messaging-rabbitmq\complete\build\classes\main\hello\responseTab.Application.class]
14:24:12.835 [Test worker] INFO org.springframework.boot.test.context.SpringBootTestContextBootstrapper - Found @SpringBootConfiguration com.responseTabdemo.Application for test class com.responseTabdemo.ApplicationTest
14:24:12.838 [Test worker] DEBUG org.springframework.boot.test.context.SpringBootTestContextBootstrapper - @TestExecutionListeners is not present for class [com.responseTabdemo.ApplicationTest]: using defaults.
14:24:12.842 [Test worker] INFO org.springframework.boot.test.context.SpringBootTestContextBootstrapper - Loaded default TestExecutionListener class names from location [META-INF/spring.factories]: [org.springframework.boot.test.mock.mockito.MockitoTestExecutionListener, org.springframework.boot.test.mock.mockito.ResetMocksTestExecutionListener, org.springframework.boot.test.autoconfigure.restdocs.RestDocsTestExecutionListener, org.springframework.boot.test.autoconfigure.web.client.MockRestServiceServerResetTestExecutionListener, org.springframework.boot.test.autoconfigure.web.servlet.MockMvcPrintOnlyOnFailureTestExecutionListener, org.springframework.boot.test.autoconfigure.web.servlet.WebDriverTestExecutionListener, org.springframework.test.context.web.ServletTestExecutionListener, org.springframework.test.context.support.DirtiesContextBeforeModesTestExecutionListener, org.springframework.test.context.support.DependencyInjectionTestExecutionListener, org.springframework.test.context.support.DirtiesContextTestExecutionListener, org.springframework.test.context.transaction.TransactionalTestExecutionListener, org.springframework.test.context.jdbc.SqlScriptsTestExecutionListener]
14:24:12.859 [Test worker] INFO org.springframework.boot.test.context.SpringBootTestContextBootstrapper - Could not instantiate TestExecutionListener [org.springframework.test.context.web.ServletTestExecutionListener]. Specify custom listener classes or make the default listener classes (and their required dependencies) available. Offending class: [javax/servlet/ServletContext]
14:24:12.860 [Test worker] INFO org.springframework.boot.test.context.SpringBootTestContextBootstrapper - Using TestExecutionListeners: [org.springframework.test.context.support.DirtiesContextBeforeModesTestExecutionListener@1730dab6, org.springframework.boot.test.autoconfigure.SpringBootDependencyInjectionTestExecutionListener@bf3533, org.springframework.test.context.support.DirtiesContextTestExecutionListener@fee6618, org.springframework.test.context.transaction.TransactionalTestExecutionListener@7321c2, org.springframework.test.context.jdbc.SqlScriptsTestExecutionListener@1187ae10, org.springframework.boot.test.mock.mockito.ResetMocksTestExecutionListener@686817be, org.springframework.boot.test.autoconfigure.restdocs.RestDocsTestExecutionListener@144a720d, org.springframework.boot.test.autoconfigure.web.servlet.WebDriverTestExecutionListener@dae3c77, org.springframework.boot.test.autoconfigure.web.servlet.MockMvcPrintOnlyOnFailureTestExecutionListener@2175f4fc, org.springframework.boot.test.mock.mockito.MockitoTestExecutionListener@908d28b, org.springframework.boot.test.autoconfigure.web.client.MockRestServiceServerResetTestExecutionListener@4e9513bd]
14:24:12.863 [Test worker] DEBUG org.springframework.test.annotation.ProfileValueUtils - Retrieved @ProfileValueSourceConfiguration [null] for test class [com.responseTabdemo.ApplicationTest]
14:24:12.863 [Test worker] DEBUG org.springframework.test.annotation.ProfileValueUtils - Retrieved ProfileValueSource type [class org.springframework.test.annotation.SystemProfileValueSource] for class [com.responseTabdemo.ApplicationTest]
14:24:12.864 [Test worker] DEBUG org.springframework.test.annotation.ProfileValueUtils - Retrieved @ProfileValueSourceConfiguration [null] for test class [com.responseTabdemo.ApplicationTest]
14:24:12.864 [Test worker] DEBUG org.springframework.test.annotation.ProfileValueUtils - Retrieved ProfileValueSource type [class org.springframework.test.annotation.SystemProfileValueSource] for class [com.responseTabdemo.ApplicationTest]
14:24:12.867 [Test worker] DEBUG org.springframework.test.context.support.AbstractDirtiesContextTestExecutionListener - Before test class: context [DefaultTestContext@74b1ac16 testClass = ApplicationTest, testInstance = [null], testMethod = [null], testException = [null], mergedContextConfiguration = [MergedContextConfiguration@2d22ebd4 testClass = ApplicationTest, locations = '{}', classes = '{class com.responseTabdemo.Application}', contextInitializerClasses = '[]', activeProfiles = '{}', propertySourceLocations = '{}', propertySourceProperties = '{org.springframework.boot.test.context.SpringBootTestContextBootstrapper=true}', contextCustomizers = set[org.springframework.boot.test.context.SpringBootTestContextCustomizer@fc3f38, org.springframework.boot.test.context.filter.ExcludeFilterContextCustomizer@79f1fe77, org.springframework.boot.test.mock.mockito.MockitoContextCustomizer@607f3285, org.springframework.boot.test.autoconfigure.properties.PropertyMappingContextCustomizer@0, org.springframework.boot.test.autoconfigure.web.servlet.WebDriverContextCustomizerFactory$Customizer@128264e2], contextLoader = 'org.springframework.boot.test.context.SpringBootContextLoader', parent = [null]]], class annotated with @DirtiesContext [false] with mode [null].
14:24:12.867 [Test worker] DEBUG org.springframework.test.annotation.ProfileValueUtils - Retrieved @ProfileValueSourceConfiguration [null] for test class [com.responseTabdemo.ApplicationTest]
14:24:12.867 [Test worker] DEBUG org.springframework.test.annotation.ProfileValueUtils - Retrieved ProfileValueSource type [class org.springframework.test.annotation.SystemProfileValueSource] for class [com.responseTabdemo.ApplicationTest]
14:24:12.868 [Test worker] DEBUG org.springframework.test.context.support.DependencyInjectionTestExecutionListener - Performing dependency injection for test context [[DefaultTestContext@74b1ac16 testClass = ApplicationTest, testInstance = com.responseTabdemo.ApplicationTest@46a07514, testMethod = [null], testException = [null], mergedContextConfiguration = [MergedContextConfiguration@2d22ebd4 testClass = ApplicationTest, locations = '{}', classes = '{class com.responseTabdemo.Application}', contextInitializerClasses = '[]', activeProfiles = '{}', propertySourceLocations = '{}', propertySourceProperties = '{org.springframework.boot.test.context.SpringBootTestContextBootstrapper=true}', contextCustomizers = set[org.springframework.boot.test.context.SpringBootTestContextCustomizer@fc3f38, org.springframework.boot.test.context.filter.ExcludeFilterContextCustomizer@79f1fe77, org.springframework.boot.test.mock.mockito.MockitoContextCustomizer@607f3285, org.springframework.boot.test.autoconfigure.properties.PropertyMappingContextCustomizer@0, org.springframework.boot.test.autoconfigure.web.servlet.WebDriverContextCustomizerFactory$Customizer@128264e2], contextLoader = 'org.springframework.boot.test.context.SpringBootContextLoader', parent = [null]]]].
14:24:12.922 [Test worker] DEBUG org.springframework.core.env.StandardEnvironment - Adding [systemProperties] PropertySource with lowest search precedence
14:24:12.922 [Test worker] DEBUG org.springframework.core.env.StandardEnvironment - Adding [systemEnvironment] PropertySource with lowest search precedence
14:24:12.922 [Test worker] DEBUG org.springframework.core.env.StandardEnvironment - Initialized StandardEnvironment with PropertySources [systemProperties,systemEnvironment]
14:24:12.924 [Test worker] DEBUG org.springframework.core.env.MutablePropertySources - Adding [inline] PropertySource with highest search precedence
14:24:12.928 [Test worker] DEBUG org.springframework.test.context.support.TestPropertySourceUtils - Adding inlined properties to environment: {spring.jmx.enabled=false, org.springframework.boot.test.context.SpringBootTestContextBootstrapper=true, server.port=-1}
14:24:12.929 [Test worker] DEBUG org.springframework.core.env.StandardEnvironment - Adding [Inlined Test Properties] PropertySource with highest search precedence

  .   ____          _            __ _ _
 /\\ / ___'_ __ _ _(_)_ __  __ _ \ \ \ \
( ( )\___ | '_ | '_| | '_ \/ _` | \ \ \ \
 \\/  ___)| |_)| | | | | || (_| |  ) ) ) )
  '  |____| .__|_| |_|_| |_\__, | / / / /
 =========|_|==============|___/=/_/_/_/
 :: Spring Boot ::        (v1.5.3.RELEASE)

2017-04-29 14:24:13.186  INFO 7400 --- [    Test worker] com.responseTabdemo.ApplicationTest                    : Starting ApplicationTest on joreto-Zoo with PID 7400 (started by joreto in C:\ResponseTab\gs-messaging-rabbitmq\complete)
2017-04-29 14:24:13.187  INFO 7400 --- [    Test worker] com.responseTabdemo.ApplicationTest                    : No active profile set, falling back to default profiles: default
2017-04-29 14:24:13.209  INFO 7400 --- [    Test worker] s.c.a.AnnotationConfigApplicationContext : Refreshing org.springframework.context.annotation.AnnotationConfigApplicationContext@70d306d5: startup date [Sat Apr 29 14:24:13 BST 2017]; root of context hierarchy
2017-04-29 14:24:13.709  INFO 7400 --- [    Test worker] trationDelegate$BeanPostProcessorChecker : Bean 'org.springframework.amqp.rabbit.annotation.RabbitBootstrapConfiguration' of type [org.springframework.amqp.rabbit.annotation.RabbitBootstrapConfiguration$$EnhancerBySpringCGLIB$$7196435a] is not eligible for getting processed by all BeanPostProcessors (for example: not eligible for auto-proxying)
2017-04-29 14:24:14.090  INFO 7400 --- [    Test worker] o.s.c.support.DefaultLifecycleProcessor  : Starting beans in phase -2147482648
2017-04-29 14:24:14.090  INFO 7400 --- [    Test worker] o.s.c.support.DefaultLifecycleProcessor  : Starting beans in phase 2147483647
2017-04-29 14:24:14.153  INFO 7400 --- [    container-1] o.s.a.r.c.CachingConnectionFactory       : Created new connection: SimpleConnection@35c2c9d0 [delegate=amqp://guest@127.0.0.1:5672/, localPort= 54044]
2017-04-29 14:24:14.156  INFO 7400 --- [    container-1] o.s.amqp.rabbit.core.RabbitAdmin         : Auto-declaring a non-durable, auto-delete, or exclusive Queue (spring-boot) durable:false, auto-delete:false, exclusive:false. It will be redeclared if the broker stops and is restarted while the connection factory is alive, but all messages will be lost.
2017-04-29 14:24:14.193  INFO 7400 --- [    Test worker] com.responseTabdemo.ApplicationTest                    : Started ApplicationTest in 1.263 seconds (JVM running for 2.105)
Received <new message>
]]></system-out>
  <system-err><![CDATA[]]></system-err>
</testsuite>
